<?xml version="1.0" encoding="UTF-8"?>
<!-- Generated by org.testng.reporters.JUnitReportReporter -->
<testsuite hostname="DESKTOP-F333RF8" failures="0" tests="1" name="testCases.Tc_001_AccountRegistration" time="18.537" errors="0" timestamp="2023-08-31T12:28:10 IST" skipped="0">
  <testcase classname="testCases.Tc_001_AccountRegistration" name="test_account_Registration" time="18.537"/>
  <system-out/>
</testsuite> <!-- testCases.Tc_001_AccountRegistration -->
