<?xml version="1.0" encoding="UTF-8"?>
<!-- Generated by org.testng.reporters.JUnitReportReporter -->
<testsuite hostname="DESKTOP-F333RF8" failures="0" tests="1" name="testCases.Tc_002_LoginTest" time="8.756" errors="0" timestamp="2023-09-08T18:59:32 IST" skipped="0">
  <testcase classname="testCases.Tc_002_LoginTest" name="test_login" time="8.756"/>
</testsuite> <!-- testCases.Tc_002_LoginTest -->
